<?xml version="1.0" encoding="UTF-8" ?>
<testsuite failures="0" time="2.136" errors="0" skipped="0" tests="13" name="org.springframework.samples.petclinic.jpa.OpenJpaEntityManagerClinicTests">
  <properties>
    <property name="java.runtime.name" value="Java(TM) SE Runtime Environment"/>
    <property name="sun.boot.library.path" value="/Library/Java/JavaVirtualMachines/jdk1.7.0_07.jdk/Contents/Home/jre/lib"/>
    <property name="java.vm.version" value="23.3-b01"/>
    <property name="user.country.format" value="FR"/>
    <property name="gopherProxySet" value="false"/>
    <property name="java.vm.vendor" value="Oracle Corporation"/>
    <property name="java.vendor.url" value="http://java.oracle.com/"/>
    <property name="path.separator" value=":"/>
    <property name="guice.disable.misplaced.annotation.check" value="true"/>
    <property name="java.vm.name" value="Java HotSpot(TM) 64-Bit Server VM"/>
    <property name="file.encoding.pkg" value="sun.io"/>
    <property name="user.country" value="US"/>
    <property name="sun.java.launcher" value="SUN_STANDARD"/>
    <property name="sun.os.patch.level" value="unknown"/>
    <property name="java.vm.specification.name" value="Java Virtual Machine Specification"/>
    <property name="user.dir" value="/Users/eric/Documents/workspace/workshop-aws-beanstalk"/>
    <property name="java.runtime.version" value="1.7.0_07-b10"/>
    <property name="java.awt.graphicsenv" value="sun.awt.CGraphicsEnvironment"/>
    <property name="java.endorsed.dirs" value="/Library/Java/JavaVirtualMachines/jdk1.7.0_07.jdk/Contents/Home/jre/lib/endorsed"/>
    <property name="os.arch" value="x86_64"/>
    <property name="java.io.tmpdir" value="/var/folders/wn/497j2lq55sb4zpwhy62p24z80000gn/T/"/>
    <property name="line.separator" value="
"/>
    <property name="java.vm.specification.vendor" value="Oracle Corporation"/>
    <property name="os.name" value="Mac OS X"/>
    <property name="classworlds.conf" value="/Users/eric/Softwares/apache-maven-3.0.4/bin/m2.conf"/>
    <property name="sun.jnu.encoding" value="UTF-8"/>
    <property name="java.library.path" value="/Users/eric/Library/Java/Extensions:/Library/Java/Extensions:/Network/Library/Java/Extensions:/System/Library/Java/Extensions:/usr/lib/java:."/>
    <property name="java.specification.name" value="Java Platform API Specification"/>
    <property name="java.class.version" value="51.0"/>
    <property name="sun.management.compiler" value="HotSpot 64-Bit Tiered Compilers"/>
    <property name="os.version" value="10.8.2"/>
    <property name="http.nonProxyHosts" value="local|*.local|169.254/16|*.169.254/16"/>
    <property name="user.home" value="/Users/eric"/>
    <property name="user.timezone" value="Europe/Paris"/>
    <property name="java.awt.printerjob" value="sun.lwawt.macosx.CPrinterJob"/>
    <property name="java.specification.version" value="1.7"/>
    <property name="file.encoding" value="UTF-8"/>
    <property name="user.name" value="eric"/>
    <property name="java.class.path" value="/Users/eric/Softwares/apache-maven-3.0.4/boot/plexus-classworlds-2.4.jar"/>
    <property name="java.vm.specification.version" value="1.7"/>
    <property name="sun.arch.data.model" value="64"/>
    <property name="java.home" value="/Library/Java/JavaVirtualMachines/jdk1.7.0_07.jdk/Contents/Home/jre"/>
    <property name="sun.java.command" value="org.codehaus.plexus.classworlds.launcher.Launcher clean install"/>
    <property name="java.specification.vendor" value="Oracle Corporation"/>
    <property name="user.language" value="en"/>
    <property name="user.language.format" value="fr"/>
    <property name="awt.toolkit" value="sun.lwawt.macosx.LWCToolkit"/>
    <property name="java.vm.info" value="mixed mode"/>
    <property name="java.version" value="1.7.0_07"/>
    <property name="java.ext.dirs" value="/Users/eric/Library/Java/Extensions:/Library/Java/JavaVirtualMachines/jdk1.7.0_07.jdk/Contents/Home/jre/lib/ext:/Library/Java/Extensions:/Network/Library/Java/Extensions:/System/Library/Java/Extensions:/usr/lib/java"/>
    <property name="sun.boot.class.path" value="/Library/Java/JavaVirtualMachines/jdk1.7.0_07.jdk/Contents/Home/jre/lib/resources.jar:/Library/Java/JavaVirtualMachines/jdk1.7.0_07.jdk/Contents/Home/jre/lib/rt.jar:/Library/Java/JavaVirtualMachines/jdk1.7.0_07.jdk/Contents/Home/jre/lib/sunrsasign.jar:/Library/Java/JavaVirtualMachines/jdk1.7.0_07.jdk/Contents/Home/jre/lib/jsse.jar:/Library/Java/JavaVirtualMachines/jdk1.7.0_07.jdk/Contents/Home/jre/lib/jce.jar:/Library/Java/JavaVirtualMachines/jdk1.7.0_07.jdk/Contents/Home/jre/lib/charsets.jar:/Library/Java/JavaVirtualMachines/jdk1.7.0_07.jdk/Contents/Home/jre/lib/jfr.jar:/Library/Java/JavaVirtualMachines/jdk1.7.0_07.jdk/Contents/Home/jre/lib/JObjC.jar:/Library/Java/JavaVirtualMachines/jdk1.7.0_07.jdk/Contents/Home/jre/classes"/>
    <property name="java.vendor" value="Oracle Corporation"/>
    <property name="maven.home" value="/Users/eric/Softwares/apache-maven-3.0.4"/>
    <property name="file.separator" value="/"/>
    <property name="java.vendor.url.bug" value="http://bugreport.sun.com/bugreport/"/>
    <property name="sun.cpu.endian" value="little"/>
    <property name="sun.io.unicode.encoding" value="UnicodeBig"/>
    <property name="socksNonProxyHosts" value="local|*.local|169.254/16|*.169.254/16"/>
    <property name="ftp.nonProxyHosts" value="local|*.local|169.254/16|*.169.254/16"/>
    <property name="sun.cpu.isalist" value=""/>
  </properties>
  <testcase time="1.886" classname="org.springframework.samples.petclinic.jpa.OpenJpaEntityManagerClinicTests" name="testUsageLogAspectIsInvoked"/>
  <testcase time="0.007" classname="org.springframework.samples.petclinic.jpa.OpenJpaEntityManagerClinicTests" name="testBogusJpql"/>
  <testcase time="0.004" classname="org.springframework.samples.petclinic.jpa.OpenJpaEntityManagerClinicTests" name="testApplicationManaged"/>
  <testcase time="0.067" classname="org.springframework.samples.petclinic.jpa.OpenJpaEntityManagerClinicTests" name="testGetVets"/>
  <testcase time="0.007" classname="org.springframework.samples.petclinic.jpa.OpenJpaEntityManagerClinicTests" name="testGetPetTypes"/>
  <testcase time="0.016" classname="org.springframework.samples.petclinic.jpa.OpenJpaEntityManagerClinicTests" name="testFindOwners"/>
  <testcase time="0.012" classname="org.springframework.samples.petclinic.jpa.OpenJpaEntityManagerClinicTests" name="testLoadOwner"/>
  <testcase time="0.031" classname="org.springframework.samples.petclinic.jpa.OpenJpaEntityManagerClinicTests" name="testInsertOwner"/>
  <testcase time="0.008" classname="org.springframework.samples.petclinic.jpa.OpenJpaEntityManagerClinicTests" name="testUpdateOwner"/>
  <testcase time="0.026" classname="org.springframework.samples.petclinic.jpa.OpenJpaEntityManagerClinicTests" name="testLoadPet"/>
  <testcase time="0.03" classname="org.springframework.samples.petclinic.jpa.OpenJpaEntityManagerClinicTests" name="testInsertPet"/>
  <testcase time="0.019" classname="org.springframework.samples.petclinic.jpa.OpenJpaEntityManagerClinicTests" name="testUpdatePet"/>
  <testcase time="0.022" classname="org.springframework.samples.petclinic.jpa.OpenJpaEntityManagerClinicTests" name="testInsertVisit"/>
</testsuite>